[2025-05-15 13:10:49,014: INFO: main: welcome]
[2025-05-16 17:53:31,110: INFO: common: yaml file: config\config.yaml loaded successfully]
[2025-05-16 17:53:31,126: INFO: common: yaml file: params.yaml loaded successfully]
[2025-05-16 17:53:31,128: INFO: common: created directory at: artifacts]
[2025-05-16 17:53:31,130: INFO: common: created directory at: artifacts/data_ingestion]
[2025-05-16 17:53:31,130: INFO: 2085442592: Downloading data from https://drive.google.com/file/d/1AL4FSKAhvR5B9igirPQsZU7FJzJCZbhb/view?usp=drive_link into file artifacts/data_ingestion/data.zip]
[2025-05-16 17:53:44,590: INFO: 2085442592: Downloaded data from https://drive.google.com/file/d/1AL4FSKAhvR5B9igirPQsZU7FJzJCZbhb/view?usp=drive_link into file artifacts/data_ingestion/data.zip]
[2025-05-16 18:30:18,837: INFO: main: >>>>>> stage Data Ingestion stage started <<<<<<]
[2025-05-16 18:30:18,837: INFO: common: yaml file: config\config.yaml loaded successfully]
[2025-05-16 18:30:18,837: INFO: common: yaml file: params.yaml loaded successfully]
[2025-05-16 18:30:18,837: INFO: common: created directory at: artifacts]
[2025-05-16 18:30:18,837: INFO: common: created directory at: artifacts/data_ingestion]
[2025-05-16 18:30:18,837: INFO: data_ingestion: Downloading data from https://drive.google.com/file/d/1AL4FSKAhvR5B9igirPQsZU7FJzJCZbhb/view?usp=drive_link into file artifacts/data_ingestion/data.zip]
[2025-05-16 18:31:06,226: INFO: data_ingestion: Downloaded data from https://drive.google.com/file/d/1AL4FSKAhvR5B9igirPQsZU7FJzJCZbhb/view?usp=drive_link into file artifacts/data_ingestion/data.zip]
[2025-05-16 18:31:06,760: INFO: main: >>>>>> stage Data Ingestion stage completed <<<<<<

x==========x]
[2025-05-16 18:32:45,863: INFO: main: >>>>>> stage Data Ingestion stage started <<<<<<]
[2025-05-16 18:32:45,863: INFO: common: yaml file: config\config.yaml loaded successfully]
[2025-05-16 18:32:45,863: INFO: common: yaml file: params.yaml loaded successfully]
[2025-05-16 18:32:45,863: INFO: common: created directory at: artifacts]
[2025-05-16 18:32:45,863: INFO: common: created directory at: artifacts/data_ingestion]
[2025-05-16 18:32:45,863: INFO: data_ingestion: Downloading data from https://drive.google.com/file/d/1AL4FSKAhvR5B9igirPQsZU7FJzJCZbhb/view?usp=drive_link into file artifacts/data_ingestion/data.zip]
[2025-05-16 18:33:00,306: INFO: data_ingestion: Downloaded data from https://drive.google.com/file/d/1AL4FSKAhvR5B9igirPQsZU7FJzJCZbhb/view?usp=drive_link into file artifacts/data_ingestion/data.zip]
[2025-05-16 18:33:00,756: INFO: main: >>>>>> stage Data Ingestion stage completed <<<<<<

x==========x]
[2025-05-17 11:52:08,923: INFO: main: >>>>>> stage Data Ingestion stage started <<<<<<]
[2025-05-17 11:52:08,923: INFO: common: yaml file: config\config.yaml loaded successfully]
[2025-05-17 11:52:08,930: INFO: common: yaml file: params.yaml loaded successfully]
[2025-05-17 11:52:08,930: INFO: common: created directory at: artifacts]
[2025-05-17 11:52:08,930: INFO: common: created directory at: artifacts/data_ingestion]
[2025-05-17 11:52:08,930: INFO: data_ingestion: Downloading data from https://drive.google.com/file/d/1AL4FSKAhvR5B9igirPQsZU7FJzJCZbhb/view?usp=drive_link into file artifacts/data_ingestion/data.zip]
[2025-05-17 11:52:24,831: INFO: data_ingestion: Downloaded data from https://drive.google.com/file/d/1AL4FSKAhvR5B9igirPQsZU7FJzJCZbhb/view?usp=drive_link into file artifacts/data_ingestion/data.zip]
[2025-05-17 11:52:25,382: INFO: main: >>>>>> stage Data Ingestion stage completed <<<<<<

x==========x]
[2025-05-17 11:52:25,382: INFO: main: *******************]
[2025-05-17 11:52:25,382: INFO: main: >>>>>> stage Prepare base model started <<<<<<]
[2025-05-17 11:52:25,384: INFO: common: yaml file: config\config.yaml loaded successfully]
[2025-05-17 11:52:25,385: INFO: common: yaml file: params.yaml loaded successfully]
[2025-05-17 11:52:25,387: INFO: common: created directory at: artifacts]
[2025-05-17 11:52:25,387: INFO: common: created directory at: artifacts/prepare_base_model]
[2025-05-17 11:52:26,030: WARNING: saving_utils: Compiled the loaded model, but the compiled metrics have yet to be built. `model.compile_metrics` will be empty until you train or evaluate the model.]
[2025-05-17 11:52:26,284: INFO: main: >>>>>> stage Prepare base model completed <<<<<<

x==========x]
[2025-05-17 12:00:05,981: INFO: common: yaml file: config\config.yaml loaded successfully]
[2025-05-17 12:00:05,986: INFO: common: yaml file: params.yaml loaded successfully]
[2025-05-17 12:00:05,988: INFO: common: created directory at: artifacts]
[2025-05-17 12:24:22,123: INFO: common: yaml file: config\config.yaml loaded successfully]
[2025-05-17 12:24:22,125: INFO: common: yaml file: params.yaml loaded successfully]
[2025-05-17 12:24:22,128: INFO: common: created directory at: artifacts]
[2025-05-17 12:24:22,130: INFO: common: created directory at: artifacts/prepare_base_model]
[2025-05-17 12:24:22,923: WARNING: saving_utils: Compiled the loaded model, but the compiled metrics have yet to be built. `model.compile_metrics` will be empty until you train or evaluate the model.]
[2025-05-17 12:34:12,927: INFO: common: yaml file: config\config.yaml loaded successfully]
[2025-05-17 12:34:12,932: INFO: common: yaml file: params.yaml loaded successfully]
[2025-05-17 12:34:12,935: INFO: common: created directory at: artifacts]
[2025-05-17 12:34:12,936: INFO: common: created directory at: artifacts\training]
[2025-05-17 12:36:43,050: INFO: common: yaml file: config\config.yaml loaded successfully]
[2025-05-17 12:36:43,054: INFO: common: yaml file: params.yaml loaded successfully]
[2025-05-17 12:36:43,055: INFO: common: created directory at: artifacts]
[2025-05-17 12:36:43,057: INFO: common: created directory at: artifacts\training]
[2025-05-17 13:56:03,520: INFO: main: >>>>>> stage Data Ingestion stage started <<<<<<]
[2025-05-17 13:56:03,532: INFO: common: yaml file: config\config.yaml loaded successfully]
[2025-05-17 13:56:03,545: INFO: common: yaml file: params.yaml loaded successfully]
[2025-05-17 13:56:03,546: INFO: common: created directory at: artifacts]
[2025-05-17 13:56:03,547: INFO: common: created directory at: artifacts/data_ingestion]
[2025-05-17 13:56:03,547: INFO: data_ingestion: Downloading data from https://drive.google.com/file/d/1AL4FSKAhvR5B9igirPQsZU7FJzJCZbhb/view?usp=drive_link into file artifacts/data_ingestion/data.zip]
[2025-05-17 13:56:40,006: INFO: data_ingestion: Downloaded data from https://drive.google.com/file/d/1AL4FSKAhvR5B9igirPQsZU7FJzJCZbhb/view?usp=drive_link into file artifacts/data_ingestion/data.zip]
[2025-05-17 13:56:40,513: INFO: main: >>>>>> stage Data Ingestion stage completed <<<<<<

x==========x]
[2025-05-17 13:56:40,514: INFO: main: *******************]
[2025-05-17 13:56:40,514: INFO: main: >>>>>> stage Prepare base model started <<<<<<]
[2025-05-17 13:56:40,516: INFO: common: yaml file: config\config.yaml loaded successfully]
[2025-05-17 13:56:40,518: INFO: common: yaml file: params.yaml loaded successfully]
[2025-05-17 13:56:40,518: INFO: common: created directory at: artifacts]
[2025-05-17 13:56:40,519: INFO: common: created directory at: artifacts/prepare_base_model]
[2025-05-17 13:56:41,098: WARNING: saving_utils: Compiled the loaded model, but the compiled metrics have yet to be built. `model.compile_metrics` will be empty until you train or evaluate the model.]
[2025-05-17 13:56:41,367: INFO: main: >>>>>> stage Prepare base model completed <<<<<<

x==========x]
[2025-05-17 14:01:08,075: INFO: main: >>>>>> stage Data Ingestion stage started <<<<<<]
[2025-05-17 14:01:08,077: INFO: common: yaml file: config\config.yaml loaded successfully]
[2025-05-17 14:01:08,079: INFO: common: yaml file: params.yaml loaded successfully]
[2025-05-17 14:01:08,079: INFO: common: created directory at: artifacts]
[2025-05-17 14:01:08,079: INFO: common: created directory at: artifacts/data_ingestion]
[2025-05-17 14:01:08,080: INFO: data_ingestion: Downloading data from https://drive.google.com/file/d/1AL4FSKAhvR5B9igirPQsZU7FJzJCZbhb/view?usp=drive_link into file artifacts/data_ingestion/data.zip]
[2025-05-17 14:01:31,244: INFO: data_ingestion: Downloaded data from https://drive.google.com/file/d/1AL4FSKAhvR5B9igirPQsZU7FJzJCZbhb/view?usp=drive_link into file artifacts/data_ingestion/data.zip]
[2025-05-17 14:01:31,575: INFO: main: >>>>>> stage Data Ingestion stage completed <<<<<<

x==========x]
[2025-05-17 14:01:31,575: INFO: main: *******************]
[2025-05-17 14:01:31,577: INFO: main: >>>>>> stage Prepare base model started <<<<<<]
[2025-05-17 14:01:31,577: INFO: common: yaml file: config\config.yaml loaded successfully]
[2025-05-17 14:01:31,577: INFO: common: yaml file: params.yaml loaded successfully]
[2025-05-17 14:01:31,577: INFO: common: created directory at: artifacts]
[2025-05-17 14:01:31,577: INFO: common: created directory at: artifacts/prepare_base_model]
[2025-05-17 14:01:31,949: WARNING: saving_utils: Compiled the loaded model, but the compiled metrics have yet to be built. `model.compile_metrics` will be empty until you train or evaluate the model.]
[2025-05-17 14:01:32,191: INFO: main: >>>>>> stage Prepare base model completed <<<<<<

x==========x]
[2025-05-17 14:02:12,348: INFO: common: yaml file: config\config.yaml loaded successfully]
[2025-05-17 14:02:12,348: INFO: common: yaml file: params.yaml loaded successfully]
[2025-05-17 14:02:12,348: INFO: common: created directory at: artifacts]
[2025-05-17 14:02:12,348: INFO: common: created directory at: artifacts\training]
[2025-05-17 14:07:59,751: INFO: main: >>>>>> stage Data Ingestion stage started <<<<<<]
[2025-05-17 14:07:59,751: INFO: common: yaml file: config\config.yaml loaded successfully]
[2025-05-17 14:07:59,751: INFO: common: yaml file: params.yaml loaded successfully]
[2025-05-17 14:07:59,751: INFO: common: created directory at: artifacts]
[2025-05-17 14:07:59,751: INFO: common: created directory at: artifacts/data_ingestion]
[2025-05-17 14:07:59,751: INFO: data_ingestion: Downloading data from https://drive.google.com/file/d/1AL4FSKAhvR5B9igirPQsZU7FJzJCZbhb/view?usp=drive_link into file artifacts/data_ingestion/data.zip]
[2025-05-17 14:08:37,449: INFO: data_ingestion: Downloaded data from https://drive.google.com/file/d/1AL4FSKAhvR5B9igirPQsZU7FJzJCZbhb/view?usp=drive_link into file artifacts/data_ingestion/data.zip]
[2025-05-17 14:08:37,908: INFO: main: >>>>>> stage Data Ingestion stage completed <<<<<<

x==========x]
[2025-05-17 14:08:37,915: INFO: main: *******************]
[2025-05-17 14:08:37,916: INFO: main: >>>>>> stage Prepare base model started <<<<<<]
[2025-05-17 14:08:37,918: INFO: common: yaml file: config\config.yaml loaded successfully]
[2025-05-17 14:08:37,918: INFO: common: yaml file: params.yaml loaded successfully]
[2025-05-17 14:08:37,918: INFO: common: created directory at: artifacts]
[2025-05-17 14:08:37,918: INFO: common: created directory at: artifacts/prepare_base_model]
[2025-05-17 14:08:38,388: WARNING: saving_utils: Compiled the loaded model, but the compiled metrics have yet to be built. `model.compile_metrics` will be empty until you train or evaluate the model.]
[2025-05-17 14:08:39,463: INFO: main: >>>>>> stage Prepare base model completed <<<<<<

x==========x]
[2025-05-17 14:09:06,936: INFO: main: >>>>>> stage Data Ingestion stage started <<<<<<]
[2025-05-17 14:09:06,936: INFO: common: yaml file: config\config.yaml loaded successfully]
[2025-05-17 14:09:06,936: INFO: common: yaml file: params.yaml loaded successfully]
[2025-05-17 14:09:06,936: INFO: common: created directory at: artifacts]
[2025-05-17 14:09:06,936: INFO: common: created directory at: artifacts/data_ingestion]
[2025-05-17 14:09:06,936: INFO: data_ingestion: Downloading data from https://drive.google.com/file/d/1AL4FSKAhvR5B9igirPQsZU7FJzJCZbhb/view?usp=drive_link into file artifacts/data_ingestion/data.zip]
[2025-05-17 14:09:37,755: INFO: data_ingestion: Downloaded data from https://drive.google.com/file/d/1AL4FSKAhvR5B9igirPQsZU7FJzJCZbhb/view?usp=drive_link into file artifacts/data_ingestion/data.zip]
[2025-05-17 14:09:38,085: INFO: main: >>>>>> stage Data Ingestion stage completed <<<<<<

x==========x]
[2025-05-17 14:09:38,085: INFO: main: *******************]
[2025-05-17 14:09:38,085: INFO: main: >>>>>> stage Prepare base model started <<<<<<]
[2025-05-17 14:09:38,087: INFO: common: yaml file: config\config.yaml loaded successfully]
[2025-05-17 14:09:38,087: INFO: common: yaml file: params.yaml loaded successfully]
[2025-05-17 14:09:38,087: INFO: common: created directory at: artifacts]
[2025-05-17 14:09:38,087: INFO: common: created directory at: artifacts/prepare_base_model]
[2025-05-17 14:09:38,486: WARNING: saving_utils: Compiled the loaded model, but the compiled metrics have yet to be built. `model.compile_metrics` will be empty until you train or evaluate the model.]
[2025-05-17 14:09:38,677: INFO: main: >>>>>> stage Prepare base model completed <<<<<<

x==========x]
[2025-05-17 14:12:11,839: INFO: main: >>>>>> stage Data Ingestion stage started <<<<<<]
[2025-05-17 14:12:11,841: INFO: common: yaml file: config\config.yaml loaded successfully]
[2025-05-17 14:12:11,843: INFO: common: yaml file: params.yaml loaded successfully]
[2025-05-17 14:12:11,844: INFO: common: created directory at: artifacts]
[2025-05-17 14:12:11,844: INFO: common: created directory at: artifacts/data_ingestion]
[2025-05-17 14:12:11,844: INFO: data_ingestion: Downloading data from https://drive.google.com/file/d/1AL4FSKAhvR5B9igirPQsZU7FJzJCZbhb/view?usp=drive_link into file artifacts/data_ingestion/data.zip]
[2025-05-17 14:12:41,600: INFO: data_ingestion: Downloaded data from https://drive.google.com/file/d/1AL4FSKAhvR5B9igirPQsZU7FJzJCZbhb/view?usp=drive_link into file artifacts/data_ingestion/data.zip]
[2025-05-17 14:12:41,883: INFO: main: >>>>>> stage Data Ingestion stage completed <<<<<<

x==========x]
[2025-05-17 14:12:41,883: INFO: main: *******************]
[2025-05-17 14:12:41,883: INFO: main: >>>>>> stage Prepare base model started <<<<<<]
[2025-05-17 14:12:41,883: INFO: common: yaml file: config\config.yaml loaded successfully]
[2025-05-17 14:12:41,883: INFO: common: yaml file: params.yaml loaded successfully]
[2025-05-17 14:12:41,883: INFO: common: created directory at: artifacts]
[2025-05-17 14:12:41,883: INFO: common: created directory at: artifacts/prepare_base_model]
[2025-05-17 14:12:42,391: WARNING: saving_utils: Compiled the loaded model, but the compiled metrics have yet to be built. `model.compile_metrics` will be empty until you train or evaluate the model.]
[2025-05-17 14:12:42,630: INFO: main: >>>>>> stage Prepare base model completed <<<<<<

x==========x]
[2025-05-18 14:00:18,675: INFO: utils: Note: NumExpr detected 12 cores but "NUMEXPR_MAX_THREADS" not set, so enforcing safe limit of 8.]
[2025-05-18 14:00:18,675: INFO: utils: NumExpr defaulting to 8 threads.]
[2025-05-18 14:00:20,125: INFO: main: >>>>>> stage Data Ingestion stage started <<<<<<]
[2025-05-18 14:00:20,159: INFO: common: yaml file: config\config.yaml loaded successfully]
[2025-05-18 14:00:20,173: INFO: common: yaml file: params.yaml loaded successfully]
[2025-05-18 14:00:20,178: INFO: common: created directory at: artifacts]
[2025-05-18 14:00:20,178: INFO: common: created directory at: artifacts/data_ingestion]
[2025-05-18 14:00:20,179: INFO: data_ingestion: Downloading data from https://drive.google.com/file/d/1AL4FSKAhvR5B9igirPQsZU7FJzJCZbhb/view?usp=drive_link into file artifacts/data_ingestion/data.zip]
[2025-05-18 14:00:39,060: INFO: data_ingestion: Downloaded data from https://drive.google.com/file/d/1AL4FSKAhvR5B9igirPQsZU7FJzJCZbhb/view?usp=drive_link into file artifacts/data_ingestion/data.zip]
[2025-05-18 14:00:39,612: INFO: main: >>>>>> stage Data Ingestion stage completed <<<<<<

x==========x]
[2025-05-18 14:00:39,612: INFO: main: *******************]
[2025-05-18 14:00:39,614: INFO: main: >>>>>> stage Prepare base model started <<<<<<]
[2025-05-18 14:00:39,616: INFO: common: yaml file: config\config.yaml loaded successfully]
[2025-05-18 14:00:39,623: INFO: common: yaml file: params.yaml loaded successfully]
[2025-05-18 14:00:39,623: INFO: common: created directory at: artifacts]
[2025-05-18 14:00:39,623: INFO: common: created directory at: artifacts/prepare_base_model]
[2025-05-18 14:00:40,460: WARNING: saving_utils: Compiled the loaded model, but the compiled metrics have yet to be built. `model.compile_metrics` will be empty until you train or evaluate the model.]
[2025-05-18 14:00:40,962: INFO: main: >>>>>> stage Prepare base model completed <<<<<<

x==========x]
[2025-05-18 14:06:09,552: INFO: main: >>>>>> stage Data Ingestion stage started <<<<<<]
[2025-05-18 14:06:09,555: INFO: common: yaml file: config\config.yaml loaded successfully]
[2025-05-18 14:06:09,559: INFO: common: yaml file: params.yaml loaded successfully]
[2025-05-18 14:06:09,559: INFO: common: created directory at: artifacts]
[2025-05-18 14:06:09,559: INFO: common: created directory at: artifacts/data_ingestion]
[2025-05-18 14:06:09,559: INFO: data_ingestion: Downloading data from https://drive.google.com/file/d/1AL4FSKAhvR5B9igirPQsZU7FJzJCZbhb/view?usp=drive_link into file artifacts/data_ingestion/data.zip]
[2025-05-18 14:07:03,171: INFO: data_ingestion: Downloaded data from https://drive.google.com/file/d/1AL4FSKAhvR5B9igirPQsZU7FJzJCZbhb/view?usp=drive_link into file artifacts/data_ingestion/data.zip]
[2025-05-18 14:07:03,487: INFO: main: >>>>>> stage Data Ingestion stage completed <<<<<<

x==========x]
[2025-05-18 14:07:03,487: INFO: main: *******************]
[2025-05-18 14:07:03,487: INFO: main: >>>>>> stage Prepare base model started <<<<<<]
[2025-05-18 14:07:03,489: INFO: common: yaml file: config\config.yaml loaded successfully]
[2025-05-18 14:07:03,490: INFO: common: yaml file: params.yaml loaded successfully]
[2025-05-18 14:07:03,491: INFO: common: created directory at: artifacts]
[2025-05-18 14:07:03,491: INFO: common: created directory at: artifacts/prepare_base_model]
[2025-05-18 14:07:04,038: WARNING: saving_utils: Compiled the loaded model, but the compiled metrics have yet to be built. `model.compile_metrics` will be empty until you train or evaluate the model.]
[2025-05-18 14:07:04,320: INFO: main: >>>>>> stage Prepare base model completed <<<<<<

x==========x]
[2025-05-18 14:16:39,867: INFO: common: yaml file: config\config.yaml loaded successfully]
[2025-05-18 14:16:39,887: INFO: common: yaml file: params.yaml loaded successfully]
[2025-05-18 14:16:39,888: INFO: common: created directory at: artifacts]
[2025-05-18 14:16:39,890: INFO: common: created directory at: artifacts\training]
[2025-05-18 14:32:32,425: INFO: main: >>>>>> stage Data Ingestion stage started <<<<<<]
[2025-05-18 14:32:32,428: INFO: common: yaml file: config\config.yaml loaded successfully]
[2025-05-18 14:32:32,429: INFO: common: yaml file: params.yaml loaded successfully]
[2025-05-18 14:32:32,429: INFO: common: created directory at: artifacts]
[2025-05-18 14:32:32,429: INFO: common: created directory at: artifacts/data_ingestion]
[2025-05-18 14:32:32,429: INFO: data_ingestion: Downloading data from https://drive.google.com/file/d/1AL4FSKAhvR5B9igirPQsZU7FJzJCZbhb/view?usp=drive_link into file artifacts/data_ingestion/data.zip]
[2025-05-18 14:32:48,171: INFO: data_ingestion: Downloaded data from https://drive.google.com/file/d/1AL4FSKAhvR5B9igirPQsZU7FJzJCZbhb/view?usp=drive_link into file artifacts/data_ingestion/data.zip]
[2025-05-18 14:32:48,682: INFO: main: >>>>>> stage Data Ingestion stage completed <<<<<<

x==========x]
[2025-05-18 14:32:48,683: INFO: main: *******************]
[2025-05-18 14:32:48,683: INFO: main: >>>>>> stage Prepare base model started <<<<<<]
[2025-05-18 14:32:48,685: INFO: common: yaml file: config\config.yaml loaded successfully]
[2025-05-18 14:32:48,686: INFO: common: yaml file: params.yaml loaded successfully]
[2025-05-18 14:32:48,686: INFO: common: created directory at: artifacts]
[2025-05-18 14:32:48,687: INFO: common: created directory at: artifacts/prepare_base_model]
[2025-05-18 14:32:49,142: WARNING: saving_utils: Compiled the loaded model, but the compiled metrics have yet to be built. `model.compile_metrics` will be empty until you train or evaluate the model.]
[2025-05-18 14:32:49,387: INFO: main: >>>>>> stage Prepare base model completed <<<<<<

x==========x]
[2025-05-18 14:32:49,391: INFO: main: *******************]
[2025-05-18 14:32:49,391: INFO: main: >>>>>> stage Training started <<<<<<]
[2025-05-18 14:32:49,392: INFO: common: yaml file: config\config.yaml loaded successfully]
[2025-05-18 14:32:49,392: INFO: common: yaml file: params.yaml loaded successfully]
[2025-05-18 14:32:49,392: INFO: common: created directory at: artifacts]
[2025-05-18 14:32:49,392: INFO: common: created directory at: artifacts\training]
[2025-05-18 14:33:29,482: INFO: main: >>>>>> stage Training completed <<<<<<

x==========x]
